[2022-03-25 16:10:34,661] {dag_processing.py:839} INFO - Processing files using up to 1 processes at a time 
[2022-03-25 16:10:34,662] {dag_processing.py:840} INFO - Process each file at most once every 0 seconds
[2022-03-25 16:10:34,662] {dag_processing.py:841} INFO - Checking for new files in /Users/rafaelholland/Documents/Python/apache-airflow-course/datapipeline/airflow/dags every 300 seconds
[2022-03-25 16:10:34,664] {dag_processing.py:1312} INFO - Finding 'running' jobs without a recent heartbeat
[2022-03-25 16:10:34,665] {dag_processing.py:1316} INFO - Failing jobs without heartbeat after 2022-03-25 19:05:34.665091+00:00
[2022-03-25 16:10:40,605] {dag_processing.py:1064} INFO - 
================================================================================
DAG File Processing Stats

File Path                                                                                                                                                                  PID    Runtime      # DAGs    # Errors  Last Runtime    Last Run
-------------------------------------------------------------------------------------------------------------------------------------------------------------------------  -----  ---------  --------  ----------  --------------  -------------------
/Users/rafaelholland/Documents/Python/apache-airflow-course/datapipeline/.env/lib/python3.9/site-packages/airflow/example_dags/example_latest_only.py                                               0           0  5.84s           2022-03-25T19:10:40
/Users/rafaelholland/Documents/Python/apache-airflow-course/datapipeline/.env/lib/python3.9/site-packages/airflow/example_dags/example_complex.py                                                   0           0
/Users/rafaelholland/Documents/Python/apache-airflow-course/datapipeline/.env/lib/python3.9/site-packages/airflow/example_dags/example_python_operator.py                                           0           0
/Users/rafaelholland/Documents/Python/apache-airflow-course/datapipeline/.env/lib/python3.9/site-packages/airflow/example_dags/test_utils.py                                                        0           0
/Users/rafaelholland/Documents/Python/apache-airflow-course/datapipeline/.env/lib/python3.9/site-packages/airflow/example_dags/example_external_task_marker_dag.py                                  0           0
/Users/rafaelholland/Documents/Python/apache-airflow-course/datapipeline/.env/lib/python3.9/site-packages/airflow/example_dags/example_bash_operator.py                                             0           0
/Users/rafaelholland/Documents/Python/apache-airflow-course/datapipeline/.env/lib/python3.9/site-packages/airflow/example_dags/example_short_circuit_operator.py                                    0           0
/Users/rafaelholland/Documents/Python/apache-airflow-course/datapipeline/.env/lib/python3.9/site-packages/airflow/example_dags/example_branch_operator.py                                           0           0
/Users/rafaelholland/Documents/Python/apache-airflow-course/datapipeline/.env/lib/python3.9/site-packages/airflow/example_dags/example_docker_operator.py                                           0           0
/Users/rafaelholland/Documents/Python/apache-airflow-course/datapipeline/.env/lib/python3.9/site-packages/airflow/example_dags/tutorial.py                                                          0           0
/Users/rafaelholland/Documents/Python/apache-airflow-course/datapipeline/.env/lib/python3.9/site-packages/airflow/example_dags/docker_copy_data.py                                                  0           0
/Users/rafaelholland/Documents/Python/apache-airflow-course/datapipeline/.env/lib/python3.9/site-packages/airflow/example_dags/example_kubernetes_executor_config.py                                0           0
/Users/rafaelholland/Documents/Python/apache-airflow-course/datapipeline/.env/lib/python3.9/site-packages/airflow/example_dags/example_pig_operator.py                                              0           0
/Users/rafaelholland/Documents/Python/apache-airflow-course/datapipeline/.env/lib/python3.9/site-packages/airflow/example_dags/example_passing_params_via_test_command.py                           0           0
/Users/rafaelholland/Documents/Python/apache-airflow-course/datapipeline/.env/lib/python3.9/site-packages/airflow/example_dags/example_latest_only_with_trigger.py                                  0           0
/Users/rafaelholland/Documents/Python/apache-airflow-course/datapipeline/.env/lib/python3.9/site-packages/airflow/example_dags/example_docker_swarm_operator.py                                     0           0
/Users/rafaelholland/Documents/Python/apache-airflow-course/datapipeline/.env/lib/python3.9/site-packages/airflow/example_dags/example_xcom.py                                                      0           0
/Users/rafaelholland/Documents/Python/apache-airflow-course/datapipeline/.env/lib/python3.9/site-packages/airflow/example_dags/example_http_operator.py                                             0           0
/Users/rafaelholland/Documents/Python/apache-airflow-course/datapipeline/.env/lib/python3.9/site-packages/airflow/example_dags/example_skip_dag.py                                                  0           0
/Users/rafaelholland/Documents/Python/apache-airflow-course/datapipeline/.env/lib/python3.9/site-packages/airflow/example_dags/example_trigger_target_dag.py                                        0           0
/Users/rafaelholland/Documents/Python/apache-airflow-course/datapipeline/.env/lib/python3.9/site-packages/airflow/example_dags/example_branch_python_dop_operator_3.py                              0           0
/Users/rafaelholland/Documents/Python/apache-airflow-course/datapipeline/.env/lib/python3.9/site-packages/airflow/example_dags/example_nested_branch_dag.py                                         0           0
/Users/rafaelholland/Documents/Python/apache-airflow-course/datapipeline/.env/lib/python3.9/site-packages/airflow/example_dags/example_subdag_operator.py                                           0           0
/Users/rafaelholland/Documents/Python/apache-airflow-course/datapipeline/.env/lib/python3.9/site-packages/airflow/example_dags/example_trigger_controller_dag.py                                    0           0
/Users/rafaelholland/Documents/Python/apache-airflow-course/datapipeline/.env/lib/python3.9/site-packages/airflow/example_dags/subdags/subdag.py                                                    0           0
================================================================================
[2022-03-25 16:10:46,779] {dag_processing.py:1312} INFO - Finding 'running' jobs without a recent heartbeat
[2022-03-25 16:10:46,781] {dag_processing.py:1316} INFO - Failing jobs without heartbeat after 2022-03-25 19:05:46.781743+00:00
[2022-03-25 16:11:00,666] {dag_processing.py:1312} INFO - Finding 'running' jobs without a recent heartbeat
[2022-03-25 16:11:00,669] {dag_processing.py:1316} INFO - Failing jobs without heartbeat after 2022-03-25 19:06:00.669420+00:00
[2022-03-25 16:11:13,145] {dag_processing.py:822} INFO - Exiting gracefully upon receiving signal 15
[2022-03-25 16:11:13,201] {dag_processing.py:1398} INFO - Waiting up to 5 seconds for processes to exit...
